import logging

logging.config.dictConfig({
    'version': 1,
    'disable_existing_loggers': False,
    'formatters': {
        'console': {
            'format': '%(name)-12s %(levelname)-8s %(message)s'
        },
        'file': {
            'format': '%(asctime)s %(name)-12s %(levelname)-8s %(message)s'
        }
    },
    'handlers': {
        'console': {
            'class': 'logging.StreamHandler',
            'formatter': 'console'
        },
        'file': {
            'level': 'DEBUG',
            'class': 'logging.FileHandler',
            'formatter': 'file',
            'filename': 'ddd.log'
        }
    },
    'loggers': {
        '': {
            'level': 'DEBUG',
            'handlers': ['console', 'file']
        }
    }
})

logger = logging.getLogger(__file__)2021-07-19 19:57:34,188 asyncio      DEBUG    Using selector: EpollSelector
